2025-08-21 00:12:50,622 - charging_service_main - INFO - 使用增强连接管理器
2025-08-21 01:26:43,812 - charging_service_main - INFO - 使用增强连接管理器
2025-08-21 01:26:43,972 - charging_service_main - INFO - 使用增强连接管理器
2025-08-21 01:26:43,983 - charging_service_main - INFO - OCPP充电服务启动中...
2025-08-21 01:26:43,983 - websocket_optimizer - INFO - WebSocket优化器已启动
2025-08-21 01:26:43,983 - enhanced_connection_manager - INFO - 增强连接管理器已启动
2025-08-21 01:26:43,984 - ocpp_service - INFO - 初始化OCPP服务...
2025-08-21 01:26:43,984 - charging_session - INFO - 初始化充电会话管理器...
2025-08-21 01:26:43,984 - pile_manager - INFO - 初始化充电桩管理器...
2025-08-21 01:26:43,984 - pile_manager - INFO - 加载了 3 个充电桩配置
2025-08-21 01:26:43,984 - charging_service_main - INFO - OCPP充电服务启动完成
2025-08-21 02:21:41,226 - charging_service_main - INFO - OCPP充电服务关闭中...
2025-08-21 02:21:41,228 - websocket_optimizer - INFO - WebSocket优化器已停止
2025-08-21 02:21:41,228 - enhanced_connection_manager - INFO - 增强连接管理器已停止
2025-08-21 02:21:41,229 - ocpp_service - INFO - 清理OCPP服务资源...
2025-08-21 02:21:41,229 - charging_session - INFO - 清理充电会话管理器资源...
2025-08-21 02:21:41,229 - pile_manager - INFO - 清理充电桩管理器资源...
2025-08-21 02:21:41,229 - charging_service_main - INFO - OCPP充电服务已关闭
2025-08-21 08:49:44,456 - charging_service_main - INFO - 使用增强连接管理器
2025-08-21 08:49:44,528 - charging_service_main - INFO - 使用增强连接管理器
2025-08-21 08:49:44,538 - charging_service_main - INFO - OCPP充电服务启动中...
2025-08-21 08:49:44,539 - websocket_optimizer - INFO - WebSocket优化器已启动
2025-08-21 08:49:44,539 - enhanced_connection_manager - INFO - 增强连接管理器已启动
2025-08-21 08:49:44,539 - ocpp_service - INFO - 初始化OCPP服务...
2025-08-21 08:49:44,539 - charging_session - INFO - 初始化充电会话管理器...
2025-08-21 08:49:44,539 - pile_manager - INFO - 初始化充电桩管理器...
2025-08-21 08:49:44,539 - pile_manager - INFO - 加载了 3 个充电桩配置
2025-08-21 08:49:44,539 - charging_service_main - INFO - OCPP充电服务启动完成
2025-08-21 08:59:24,698 - charging_service_main - INFO - OCPP充电服务关闭中...
2025-08-21 08:59:24,700 - websocket_optimizer - INFO - WebSocket优化器已停止
2025-08-21 08:59:24,700 - enhanced_connection_manager - INFO - 增强连接管理器已停止
2025-08-21 08:59:24,700 - ocpp_service - INFO - 清理OCPP服务资源...
2025-08-21 08:59:24,700 - charging_session - INFO - 清理充电会话管理器资源...
2025-08-21 08:59:24,700 - pile_manager - INFO - 清理充电桩管理器资源...
2025-08-21 08:59:24,701 - charging_service_main - INFO - OCPP充电服务已关闭
2025-08-21 09:00:21,595 - charging_service_main - INFO - 使用增强连接管理器
2025-08-21 09:00:21,650 - charging_service_main - INFO - 使用增强连接管理器
2025-08-21 09:00:21,660 - charging_service_main - INFO - OCPP充电服务启动中...
2025-08-21 09:00:21,661 - websocket_optimizer - INFO - WebSocket优化器已启动
2025-08-21 09:00:21,661 - enhanced_connection_manager - INFO - 增强连接管理器已启动
2025-08-21 09:00:21,661 - ocpp_service - INFO - 初始化OCPP服务...
2025-08-21 09:00:21,661 - charging_session - INFO - 初始化充电会话管理器...
2025-08-21 09:00:21,661 - pile_manager - INFO - 初始化充电桩管理器...
2025-08-21 09:00:21,662 - pile_manager - INFO - 加载了 3 个充电桩配置
2025-08-21 09:00:21,662 - charging_service_main - INFO - OCPP充电服务启动完成
2025-08-21 09:14:22,773 - charging_service_main - INFO - 使用增强连接管理器
2025-08-21 09:14:22,824 - charging_service_main - INFO - 使用增强连接管理器
2025-08-21 09:14:22,835 - charging_service_main - INFO - OCPP充电服务启动中...
2025-08-21 09:14:22,835 - websocket_optimizer - INFO - WebSocket优化器已启动
2025-08-21 09:14:22,836 - enhanced_connection_manager - INFO - 增强连接管理器已启动
2025-08-21 09:14:22,836 - ocpp_service - INFO - 初始化OCPP服务...
2025-08-21 09:14:22,836 - charging_session - INFO - 初始化充电会话管理器...
2025-08-21 09:14:22,836 - pile_manager - INFO - 初始化充电桩管理器...
2025-08-21 09:14:22,836 - pile_manager - INFO - 加载了 3 个充电桩配置
2025-08-21 09:14:22,836 - charging_service_main - INFO - OCPP充电服务启动完成
2025-08-21 09:38:47,229 - charging_service_main - INFO - 使用增强连接管理器
2025-08-21 09:38:47,319 - charging_service_main - INFO - 使用增强连接管理器
2025-08-21 09:38:47,330 - charging_service_main - INFO - OCPP充电服务启动中...
2025-08-21 09:38:47,331 - websocket_optimizer - INFO - WebSocket优化器已启动
2025-08-21 09:38:47,331 - enhanced_connection_manager - INFO - 增强连接管理器已启动
2025-08-21 09:38:47,331 - ocpp_service - INFO - 初始化OCPP服务...
2025-08-21 09:38:47,331 - charging_session - INFO - 初始化充电会话管理器...
2025-08-21 09:38:47,332 - pile_manager - INFO - 初始化充电桩管理器...
2025-08-21 09:38:47,332 - pile_manager - INFO - 加载了 3 个充电桩配置
2025-08-21 09:38:47,332 - charging_service_main - INFO - OCPP充电服务启动完成
2025-08-21 10:02:15,848 - charging_service_main - INFO - OCPP充电服务关闭中...
2025-08-21 10:02:15,851 - websocket_optimizer - INFO - WebSocket优化器已停止
2025-08-21 10:02:15,852 - enhanced_connection_manager - INFO - 增强连接管理器已停止
2025-08-21 10:02:15,852 - ocpp_service - INFO - 清理OCPP服务资源...
2025-08-21 10:02:15,852 - charging_session - INFO - 清理充电会话管理器资源...
2025-08-21 10:02:15,853 - pile_manager - INFO - 清理充电桩管理器资源...
2025-08-21 10:02:15,853 - charging_service_main - INFO - OCPP充电服务已关闭
2025-08-21 10:37:36,601 - charging_service_main - INFO - 使用增强连接管理器
2025-08-21 10:37:36,647 - charging_service_main - INFO - 使用增强连接管理器
2025-08-21 10:37:36,657 - charging_service_main - INFO - OCPP充电服务启动中...
2025-08-21 10:37:36,657 - websocket_optimizer - INFO - WebSocket优化器已启动
2025-08-21 10:37:36,658 - enhanced_connection_manager - INFO - 增强连接管理器已启动
2025-08-21 10:37:36,658 - ocpp_service - INFO - 初始化OCPP服务...
2025-08-21 10:37:36,658 - charging_session - INFO - 初始化充电会话管理器...
2025-08-21 10:37:36,658 - pile_manager - INFO - 初始化充电桩管理器...
2025-08-21 10:37:36,658 - pile_manager - INFO - 加载了 3 个充电桩配置
2025-08-21 10:37:36,658 - charging_service_main - INFO - OCPP充电服务启动完成
2025-08-21 10:38:02,226 - charging_service_main - INFO - OCPP充电服务关闭中...
2025-08-21 10:38:02,226 - websocket_optimizer - INFO - WebSocket优化器已停止
2025-08-21 10:38:02,226 - enhanced_connection_manager - INFO - 增强连接管理器已停止
2025-08-21 10:38:02,226 - ocpp_service - INFO - 清理OCPP服务资源...
2025-08-21 10:38:02,227 - charging_session - INFO - 清理充电会话管理器资源...
2025-08-21 10:38:02,227 - pile_manager - INFO - 清理充电桩管理器资源...
2025-08-21 10:38:02,227 - charging_service_main - INFO - OCPP充电服务已关闭
2025-08-21 10:38:13,898 - charging_service_main - INFO - 使用增强连接管理器
2025-08-21 10:38:13,936 - charging_service_main - INFO - 使用增强连接管理器
2025-08-21 10:38:13,945 - charging_service_main - INFO - OCPP充电服务启动中...
2025-08-21 10:38:13,946 - websocket_optimizer - INFO - WebSocket优化器已启动
2025-08-21 10:38:13,946 - enhanced_connection_manager - INFO - 增强连接管理器已启动
2025-08-21 10:38:13,946 - ocpp_service - INFO - 初始化OCPP服务...
2025-08-21 10:38:13,946 - charging_session - INFO - 初始化充电会话管理器...
2025-08-21 10:38:13,946 - pile_manager - INFO - 初始化充电桩管理器...
2025-08-21 10:38:13,946 - pile_manager - INFO - 加载了 3 个充电桩配置
2025-08-21 10:38:13,946 - charging_service_main - INFO - OCPP充电服务启动完成
