{"timestamp": "2025-08-21T00:12:50.622425", "level": "INFO", "level_no": 20, "message": "使用增强连接管理器", "logger_name": "charging_service_main", "module": "main", "line_no": 91}
{"timestamp": "2025-08-21T01:26:43.812212", "level": "INFO", "level_no": 20, "message": "使用增强连接管理器", "logger_name": "charging_service_main", "module": "main", "line_no": 91}
{"timestamp": "2025-08-21T01:26:43.972409", "level": "INFO", "level_no": 20, "message": "使用增强连接管理器", "logger_name": "charging_service_main", "module": "main", "line_no": 91}
{"timestamp": "2025-08-21T01:26:43.983274", "level": "INFO", "level_no": 20, "message": "OCPP充电服务启动中...", "logger_name": "charging_service_main", "module": "main", "line_no": 763}
{"timestamp": "2025-08-21T01:26:43.984546", "level": "INFO", "level_no": 20, "message": "OCPP充电服务启动完成", "logger_name": "charging_service_main", "module": "main", "line_no": 773}
{"timestamp": "2025-08-21T02:21:41.226305", "level": "INFO", "level_no": 20, "message": "OCPP充电服务关闭中...", "logger_name": "charging_service_main", "module": "main", "line_no": 779}
{"timestamp": "2025-08-21T02:21:41.229568", "level": "INFO", "level_no": 20, "message": "OCPP充电服务已关闭", "logger_name": "charging_service_main", "module": "main", "line_no": 789}
{"timestamp": "2025-08-21T08:49:44.456597", "level": "INFO", "level_no": 20, "message": "使用增强连接管理器", "logger_name": "charging_service_main", "module": "main", "line_no": 91}
{"timestamp": "2025-08-21T08:49:44.528054", "level": "INFO", "level_no": 20, "message": "使用增强连接管理器", "logger_name": "charging_service_main", "module": "main", "line_no": 91}
{"timestamp": "2025-08-21T08:49:44.538377", "level": "INFO", "level_no": 20, "message": "OCPP充电服务启动中...", "logger_name": "charging_service_main", "module": "main", "line_no": 763}
{"timestamp": "2025-08-21T08:49:44.539696", "level": "INFO", "level_no": 20, "message": "OCPP充电服务启动完成", "logger_name": "charging_service_main", "module": "main", "line_no": 773}
{"timestamp": "2025-08-21T08:59:24.698615", "level": "INFO", "level_no": 20, "message": "OCPP充电服务关闭中...", "logger_name": "charging_service_main", "module": "main", "line_no": 779}
{"timestamp": "2025-08-21T08:59:24.701002", "level": "INFO", "level_no": 20, "message": "OCPP充电服务已关闭", "logger_name": "charging_service_main", "module": "main", "line_no": 789}
{"timestamp": "2025-08-21T09:00:21.595190", "level": "INFO", "level_no": 20, "message": "使用增强连接管理器", "logger_name": "charging_service_main", "module": "main", "line_no": 91}
{"timestamp": "2025-08-21T09:00:21.650764", "level": "INFO", "level_no": 20, "message": "使用增强连接管理器", "logger_name": "charging_service_main", "module": "main", "line_no": 91}
{"timestamp": "2025-08-21T09:00:21.660637", "level": "INFO", "level_no": 20, "message": "OCPP充电服务启动中...", "logger_name": "charging_service_main", "module": "main", "line_no": 763}
{"timestamp": "2025-08-21T09:00:21.662141", "level": "INFO", "level_no": 20, "message": "OCPP充电服务启动完成", "logger_name": "charging_service_main", "module": "main", "line_no": 773}
{"timestamp": "2025-08-21T09:14:22.773707", "level": "INFO", "level_no": 20, "message": "使用增强连接管理器", "logger_name": "charging_service_main", "module": "main", "line_no": 91}
{"timestamp": "2025-08-21T09:14:22.824771", "level": "INFO", "level_no": 20, "message": "使用增强连接管理器", "logger_name": "charging_service_main", "module": "main", "line_no": 91}
{"timestamp": "2025-08-21T09:14:22.835443", "level": "INFO", "level_no": 20, "message": "OCPP充电服务启动中...", "logger_name": "charging_service_main", "module": "main", "line_no": 763}
{"timestamp": "2025-08-21T09:14:22.836624", "level": "INFO", "level_no": 20, "message": "OCPP充电服务启动完成", "logger_name": "charging_service_main", "module": "main", "line_no": 773}
{"timestamp": "2025-08-21T09:38:47.229622", "level": "INFO", "level_no": 20, "message": "使用增强连接管理器", "logger_name": "charging_service_main", "module": "main", "line_no": 91}
{"timestamp": "2025-08-21T09:38:47.319757", "level": "INFO", "level_no": 20, "message": "使用增强连接管理器", "logger_name": "charging_service_main", "module": "main", "line_no": 91}
{"timestamp": "2025-08-21T09:38:47.330748", "level": "INFO", "level_no": 20, "message": "OCPP充电服务启动中...", "logger_name": "charging_service_main", "module": "main", "line_no": 763}
{"timestamp": "2025-08-21T09:38:47.332248", "level": "INFO", "level_no": 20, "message": "OCPP充电服务启动完成", "logger_name": "charging_service_main", "module": "main", "line_no": 773}
{"timestamp": "2025-08-21T10:02:15.848548", "level": "INFO", "level_no": 20, "message": "OCPP充电服务关闭中...", "logger_name": "charging_service_main", "module": "main", "line_no": 779}
{"timestamp": "2025-08-21T10:02:15.853573", "level": "INFO", "level_no": 20, "message": "OCPP充电服务已关闭", "logger_name": "charging_service_main", "module": "main", "line_no": 789}
